[preflight] [OK] pubmed_abstracts: scientific_papers/pubmed ()
[preflight]   - split=train: ok; fields=article,abstract
[preflight]   - split=validation: ok; fields=article,abstract
[preflight]   - split=test: ok; fields=article,abstract
[preflight] [OK] ccdv_pubmed_summ: ccdv/pubmed-summarization ()
[preflight]   - split=train: ok; fields=article,abstract
[preflight]   - split=validation: ok; fields=article,abstract
[preflight] [OK] pubmedqa: qiaojin/PubMedQA/pqa_labeled ()
[preflight]   - split=train: ok; fields=context,long_answer,question
[preflight] [OK] pubmed_rct: zj88zj/PubMed_200k_RCT ()
[preflight]   - split=train: ok; fields=text
[preflight]   - split=validation: ok; fields=text
[preflight]   - split=test: ok; fields=text
[preflight] [OK] meddialog: bigbio/meddialog ()
[preflight]   - split=train: ok; fields=utterances
[corpus] 2.67 GB / 4.00 GB (66.8%)
[corpus] 2.67 GB / 4.00 GB (66.9%)
[corpus] 2.68 GB / 4.00 GB (66.9%)
[corpus] 2.68 GB / 4.00 GB (67.0%)
[corpus] 2.68 GB / 4.00 GB (67.1%)
[corpus] 2.69 GB / 4.00 GB (67.1%)
[corpus] 2.69 GB / 4.00 GB (67.2%)
[corpus] 2.69 GB / 4.00 GB (67.3%)
[corpus] 2.70 GB / 4.00 GB (67.4%)
[corpus] 2.70 GB / 4.00 GB (67.5%)
[corpus] 2.72 GB / 4.00 GB (67.9%)
[corpus] 2.74 GB / 4.00 GB (68.4%)
[corpus] 2.76 GB / 4.00 GB (69.0%)
[corpus] 2.78 GB / 4.00 GB (69.5%)
[corpus] 2.79 GB / 4.00 GB (69.7%)
[corpus] 2.79 GB / 4.00 GB (69.8%)
[corpus] 2.79 GB / 4.00 GB (69.9%)
[corpus] 2.80 GB / 4.00 GB (69.9%)
[corpus] 2.81 GB / 4.00 GB (70.3%)
[corpus] 2.81 GB / 4.00 GB (70.4%)
[corpus] 2.82 GB / 4.00 GB (70.4%)
[corpus] 2.82 GB / 4.00 GB (70.5%)
[corpus] 2.84 GB / 4.00 GB (71.0%)
[corpus] 2.84 GB / 4.00 GB (71.1%)
[corpus] 2.85 GB / 4.00 GB (71.1%)
[corpus] 2.85 GB / 4.00 GB (71.2%)
[corpus] 2.87 GB / 4.00 GB (71.7%)
[corpus] 2.89 GB / 4.00 GB (72.2%)
[corpus] 2.91 GB / 4.00 GB (72.7%)
[corpus] 2.93 GB / 4.00 GB (73.2%)
[corpus] 2.95 GB / 4.00 GB (73.7%)
[corpus] 2.97 GB / 4.00 GB (74.2%)
[corpus] 2.99 GB / 4.00 GB (74.7%)
[corpus] 3.01 GB / 4.00 GB (75.1%)
[corpus] 3.03 GB / 4.00 GB (75.7%)
[corpus] 3.05 GB / 4.00 GB (76.2%)
[corpus] 3.05 GB / 4.00 GB (76.3%)
[corpus] 3.05 GB / 4.00 GB (76.4%)
[corpus] 3.06 GB / 4.00 GB (76.4%)
[corpus] 3.06 GB / 4.00 GB (76.5%)
[corpus] 3.06 GB / 4.00 GB (76.6%)
[corpus] 3.07 GB / 4.00 GB (76.6%)
[corpus] 3.07 GB / 4.00 GB (76.7%)
[corpus] 3.07 GB / 4.00 GB (76.8%)
[corpus] 3.07 GB / 4.00 GB (76.9%)
[corpus] 3.08 GB / 4.00 GB (76.9%)
[corpus] 3.08 GB / 4.00 GB (77.0%)
[corpus] 3.08 GB / 4.00 GB (77.1%)
[corpus] 3.09 GB / 4.00 GB (77.1%)
[corpus] 3.09 GB / 4.00 GB (77.2%)
[corpus] 3.09 GB / 4.00 GB (77.3%)
[corpus] 3.09 GB / 4.00 GB (77.4%)
[corpus] 3.10 GB / 4.00 GB (77.4%)
[corpus] 3.10 GB / 4.00 GB (77.5%)
[corpus] 3.10 GB / 4.00 GB (77.6%)
[corpus] 3.11 GB / 4.00 GB (77.6%)
[corpus] 3.11 GB / 4.00 GB (77.7%)
[corpus] 3.11 GB / 4.00 GB (77.8%)
[corpus] 3.11 GB / 4.00 GB (77.9%)
[corpus] 3.12 GB / 4.00 GB (77.9%)
[corpus] 3.12 GB / 4.00 GB (78.0%)
[corpus] 3.12 GB / 4.00 GB (78.1%)
[corpus] 3.13 GB / 4.00 GB (78.1%)
[corpus] 3.13 GB / 4.00 GB (78.2%)
[corpus] 3.13 GB / 4.00 GB (78.3%)
[corpus] 3.13 GB / 4.00 GB (78.4%)
[corpus] 3.14 GB / 4.00 GB (78.4%)
[corpus] 3.14 GB / 4.00 GB (78.5%)
[corpus] 3.14 GB / 4.00 GB (78.6%)
[corpus] 3.15 GB / 4.00 GB (78.6%)
[corpus] 3.15 GB / 4.00 GB (78.7%)
[corpus] 3.15 GB / 4.00 GB (78.8%)
[corpus] 3.15 GB / 4.00 GB (78.9%)
[corpus] 3.16 GB / 4.00 GB (78.9%)
[corpus] 3.16 GB / 4.00 GB (79.0%)
[corpus] 3.16 GB / 4.00 GB (79.1%)
[corpus] 3.17 GB / 4.00 GB (79.1%)
[corpus] 3.17 GB / 4.00 GB (79.2%)
[corpus] 3.17 GB / 4.00 GB (79.3%)
[corpus] 3.17 GB / 4.00 GB (79.4%)
[corpus] 3.18 GB / 4.00 GB (79.4%)
[corpus] 3.18 GB / 4.00 GB (79.5%)
[corpus] 3.18 GB / 4.00 GB (79.6%)
[corpus] 3.19 GB / 4.00 GB (79.6%)
[corpus] 3.19 GB / 4.00 GB (79.7%)
[corpus] 3.19 GB / 4.00 GB (79.8%)
[corpus] 3.19 GB / 4.00 GB (79.9%)
[corpus] 3.20 GB / 4.00 GB (79.9%)
[corpus] 3.20 GB / 4.00 GB (80.0%)
[corpus] 3.20 GB / 4.00 GB (80.1%)
[corpus] 3.21 GB / 4.00 GB (80.1%)
[corpus] 3.21 GB / 4.00 GB (80.2%)
[corpus] 3.21 GB / 4.00 GB (80.3%)
[corpus] 3.21 GB / 4.00 GB (80.4%)
[corpus] 3.22 GB / 4.00 GB (80.4%)
[error] built 0 bytes < target 4000000000 bytes with remaining capacity 1041763986. Aborting.
