[preflight] [OK] pubmed_abstracts: scientific_papers/pubmed ()
[preflight]   - split=train: ok; fields=article,abstract
[preflight]   - split=validation: ok; fields=article,abstract
[preflight]   - split=test: ok; fields=article,abstract
[preflight] [OK] ccdv_pubmed_summ: ccdv/pubmed-summarization ()
[preflight]   - split=train: ok; fields=article,abstract
[preflight]   - split=validation: ok; fields=article,abstract
[preflight] [OK] pubmedqa: qiaojin/PubMedQA/pqa_labeled ()
[preflight]   - split=train: ok; fields=context,long_answer,question
[preflight] [OK] pubmed_rct: zj88zj/PubMed_200k_RCT ()
[preflight]   - split=train: ok; fields=text
[preflight]   - split=validation: ok; fields=text
[preflight]   - split=test: ok; fields=text
[preflight] [OK] meddialog: bigbio/meddialog ()
[preflight]   - split=train: ok; fields=utterances
[corpus] 0.00 GB / 4.00 GB (0.0%)
[corpus] 0.08 GB / 4.00 GB (1.9%)
[corpus] 0.16 GB / 4.00 GB (4.0%)
[corpus] 0.25 GB / 4.00 GB (6.1%)
[corpus] 0.33 GB / 4.00 GB (8.2%)
[corpus] 0.41 GB / 4.00 GB (10.3%)
[corpus] 0.50 GB / 4.00 GB (12.4%)
[corpus] 0.58 GB / 4.00 GB (14.5%)
[corpus] 0.66 GB / 4.00 GB (16.6%)
[corpus] 0.75 GB / 4.00 GB (18.7%)
[corpus] 0.83 GB / 4.00 GB (20.8%)
[corpus] 0.92 GB / 4.00 GB (23.0%)
[corpus] 1.00 GB / 4.00 GB (25.0%)
[corpus] 1.09 GB / 4.00 GB (27.1%)
[corpus] 1.17 GB / 4.00 GB (29.2%)
[corpus] 1.25 GB / 4.00 GB (31.3%)
[corpus] 1.34 GB / 4.00 GB (33.4%)
[corpus] 1.42 GB / 4.00 GB (35.5%)
[corpus] 1.50 GB / 4.00 GB (37.5%)
[corpus] 1.50 GB / 4.00 GB (37.6%)
[corpus] 1.51 GB / 4.00 GB (37.6%)
[corpus] 1.51 GB / 4.00 GB (37.7%)
[corpus] 1.51 GB / 4.00 GB (37.8%)
[corpus] 1.52 GB / 4.00 GB (37.9%)
[corpus] 1.52 GB / 4.00 GB (38.0%)
[corpus] 1.52 GB / 4.00 GB (38.1%)
[corpus] 1.53 GB / 4.00 GB (38.1%)
[corpus] 1.53 GB / 4.00 GB (38.2%)
[corpus] 1.53 GB / 4.00 GB (38.3%)
[corpus] 1.54 GB / 4.00 GB (38.4%)
[corpus] 1.54 GB / 4.00 GB (38.5%)
[corpus] 1.61 GB / 4.00 GB (40.1%)
[corpus] 1.70 GB / 4.00 GB (42.5%)
[corpus] 1.79 GB / 4.00 GB (44.9%)
[corpus] 1.89 GB / 4.00 GB (47.4%)
[corpus] 1.99 GB / 4.00 GB (49.6%)
[corpus] 2.09 GB / 4.00 GB (52.2%)
[corpus] 2.18 GB / 4.00 GB (54.5%)
[corpus] 2.26 GB / 4.00 GB (56.6%)
[corpus] 2.30 GB / 4.00 GB (57.6%)
[corpus] 2.34 GB / 4.00 GB (58.6%)
[corpus] 2.38 GB / 4.00 GB (59.6%)
[corpus] 2.42 GB / 4.00 GB (60.5%)
[corpus] 2.46 GB / 4.00 GB (61.5%)
[corpus] 2.50 GB / 4.00 GB (62.4%)
[corpus] 2.52 GB / 4.00 GB (63.0%)
[corpus] 2.56 GB / 4.00 GB (63.9%)
[corpus] 2.60 GB / 4.00 GB (65.0%)
[corpus] 2.64 GB / 4.00 GB (66.0%)
[corpus] 2.66 GB / 4.00 GB (66.5%)
[error] built 2658193440 bytes < target 4000000000 bytes (strict-sources). Aborting.
