[preflight] [OK] pubmed_abstracts: scientific_papers/pubmed ()
[preflight]   - split=train: ok; fields=article,abstract
[preflight]   - split=validation: ok; fields=article,abstract
[preflight]   - split=test: ok; fields=article,abstract
[preflight] [OK] ccdv_pubmed_summ: ccdv/pubmed-summarization ()
[preflight]   - split=train: ok; fields=article,abstract
[preflight]   - split=validation: ok; fields=article,abstract
[preflight] [OK] pubmedqa: qiaojin/PubMedQA/pqa_labeled ()
[preflight]   - split=train: ok; fields=context,long_answer,question
[preflight] [OK] pubmed_rct: zj88zj/PubMed_200k_RCT ()
[preflight]   - split=train: ok; fields=text
[preflight]   - split=validation: ok; fields=text
[preflight]   - split=test: ok; fields=text
[preflight] [OK] meddialog: bigbio/meddialog ()
[preflight]   - split=train: ok; fields=utterances
[corpus] 2.66 GB / 4.00 GB (66.5%)
[corpus] 2.66 GB / 4.00 GB (66.6%)
[corpus] 2.67 GB / 4.00 GB (66.7%)
[corpus] 2.67 GB / 4.00 GB (66.8%)
[corpus] 2.67 GB / 4.00 GB (66.9%)
[corpus] 2.68 GB / 4.00 GB (66.9%)
[corpus] 2.68 GB / 4.00 GB (67.0%)
[corpus] 2.68 GB / 4.00 GB (67.1%)
[error] built 0 bytes < target 4000000000 bytes with remaining capacity 1041763986. Aborting.
